
 ANSYS Academic Research                           


 *------------------------------------------------------------------*
 |                                                                  |
 |   W E L C O M E   T O   T H E   A N S Y S (R)  P R O G R A M     |
 |                                                                  |
 *------------------------------------------------------------------*




 ***************************************************************
 *            ANSYS 2020 R1          LEGAL NOTICES             *
 ***************************************************************
 *                                                             *
 * Copyright 1971-2020 ANSYS, Inc.  All rights reserved.       *
 * Unauthorized use, distribution or duplication is            *
 * prohibited.                                                 *
 *                                                             *
 * Ansys is a registered trademark of ANSYS, Inc. or its       *
 * subsidiaries in the United States or other countries.       *
 * See the ANSYS, Inc. online documentation or the ANSYS, Inc. *
 * documentation CD or online help for the complete Legal      *
 * Notice.                                                     *
 *                                                             *
 ***************************************************************
 *                                                             *
 * THIS ANSYS SOFTWARE PRODUCT AND PROGRAM DOCUMENTATION       *
 * INCLUDE TRADE SECRETS AND CONFIDENTIAL AND PROPRIETARY      *
 * PRODUCTS OF ANSYS, INC., ITS SUBSIDIARIES, OR LICENSORS.    *
 * The software products and documentation are furnished by    *
 * ANSYS, Inc. or its subsidiaries under a software license    *
 * agreement that contains provisions concerning               *
 * non-disclosure, copying, length and nature of use,          *
 * compliance with exporting laws, warranties, disclaimers,    *
 * limitations of liability, and remedies, and other           *
 * provisions.  The software products and documentation may be *
 * used, disclosed, transferred, or copied only in accordance  *
 * with the terms and conditions of that software license      *
 * agreement.                                                  *
 *                                                             *
 * ANSYS, Inc. is a UL registered                              *
 * ISO 9001:2015 company.                                      *
 *                                                             *
 ***************************************************************
 *                                                             *
 * This product is subject to U.S. laws governing export and   *
 * re-export.                                                  *
 *                                                             *
 * For U.S. Government users, except as specifically granted   *
 * by the ANSYS, Inc. software license agreement, the use,     *
 * duplication, or disclosure by the United States Government  *
 * is subject to restrictions stated in the ANSYS, Inc.        *
 * software license agreement and FAR 12.212 (for non-DOD      *
 * licenses).                                                  *
 *                                                             *
 ***************************************************************

 2020 R1 
     
 Point Releases and Patches installed:   
     
 ANSYS, Inc. Products 2020 R1
 SpaceClaim 2020 R1  
 AIM 2020 R1 
 Live (includes SpaceClaim) 2020 R1  
 Autodyn 2020 R1 
 LS-DYNA 2020 R1 
 CFD-Post only 2020 R1   
 CFX (includes CFD-Post) 2020 R1 
 Chemkin 2020 R1 
 EnSight 2020 R1 
 FENSAP-ICE 2020 R1  
 Fluent (includes CFD-Post) 2020 R1  
 Forte 2020 R1   
 Polyflow (includes CFD-Post) 2020 R1
 TurboGrid 2020 R1   
 ICEM CFD 2020 R1
 Aqwa 2020 R1
 Customization Files for User Programmable Features 2020 R1  
 Mechanical Products 2020 R1 
 Additive 2020 R1
 ANSYS Sherlock 2020 R1  
 Icepak (includes CFD-Post) 2020 R1  
 Remote Solve Manager Standalone Services 2020 R1
 Viewer 2020 R1  
 ACIS Geometry Interface 2020 R1 
 AutoCAD Geometry Interface 2020 R1  
 Catia, Version 4 Geometry Interface 2020 R1 
 Catia, Version 5 Geometry Interface 2020 R1 
 Catia, Version 6 Geometry Interface 2020 R1 
 Creo Elements/Direct Modeling Geometry Interface 2020 R1
 Creo Parametric Geometry Interface 2020 R1  
 Inventor Geometry Interface 2020 R1 
 JTOpen Geometry Interface 2020 R1   
 NX Geometry Interface 2020 R1   
 Parasolid Geometry Interface  2020 R1   
 Solid Edge Geometry Interface 2020 R1   
 SOLIDWORKS Geometry Interface 2020 R1   
 ANSYS, Inc. License Manager 2020 R1 


          *****  ANSYS COMMAND LINE ARGUMENTS  *****
  BATCH MODE REQUESTED (-b)    = NOLIST
  INPUT FILE COPY MODE (-c)    = COPY
  SHARED MEMORY PARALLEL REQUESTED
    SINGLE PROCESS WITH SINGLE THREAD REQUESTED
    TOTAL OF     1 CORES REQUESTED
  DESIGNXPLORER REQUESTED
  INPUT FILE NAME              = C:\Users\mende\Documents\repos\team_18\Project 2\ANSYS\Strut\_ProjectScratch\ScrEA5C\dummy.dat
  OUTPUT FILE NAME             = C:\Users\mende\Documents\repos\team_18\Project 2\ANSYS\Strut\_ProjectScratch\ScrEA5C\solve.out
  START-UP FILE MODE           = NOREAD
  STOP FILE MODE               = NOREAD

 RELEASE= 2020 R1              BUILD= 20.1      UP20191203   VERSION=WINDOWS x64 
 CURRENT JOBNAME=file  20:03:45  OCT 15, 2020 CP=      0.172


 PARAMETER _DS_PROGRESS =     999.0000000    

 /INPUT FILE= ds.dat  LINE=       0



 DO NOT WRITE ELEMENT RESULTS INTO DATABASE

 *GET  _WALLSTRT  FROM  ACTI  ITEM=TIME WALL  VALUE=  20.0625000    

 ASSIGN FILE RSTP TO file.rst                                                                                                                                                                                                                                                            

 *** NOTE ***                            CP =       0.203   TIME= 20:03:45
 File= file.rst does not exist and will be created.                      

 *****  ANSYS SOLUTION ROUTINE  *****


 PERFORM A STATIC ANALYSIS
  RESTART WILL BE PERFORMED FOR THE ANALYSIS OF LINEAR PERTURBATION
  RESTART WILL BE PERFORMED BASED ON: 
   PREVIOUS LOADSTEP =      1 SUBSTEP =      1

 RESUME ANSYS DATA FROM FILE NAME=file.rdb                                                                                                                                                                                                                                                            
     DO NOT PLOT ANYTHING

 *** ANSYS GLOBAL STATUS *** 

 TITLE = strut--Static Structural (A5)                                         
 ANALYSIS TYPE =  STATIC (STEADY-STATE)
 NUMBER OF ELEMENT TYPES =      5
     21527 ELEMENTS CURRENTLY SELECTED.  MAX ELEMENT NUMBER =       31265
     38094 NODES CURRENTLY SELECTED.     MAX NODE NUMBER =          38284
         3 COMPONENTS CURRENTLY DEFINED
 MAXIMUM LINEAR PROPERTY NUMBER        =       1
 MAXIMUM REAL CONSTANT SET NUMBER      =       2
 ACTIVE COORDINATE SYSTEM              =       0  (CARTESIAN)  
 MAXIMUM CONSTRAINT EQUATION NUMBER    =       5
 NUMBER OF SPECIFIED CONSTRAINTS       =    1498
 NUMBER OF SPECIFIED SURFACE LOADS     =     418
 CURRENT LOAD CASE =      0 OF      0
 LOAD SET   =       1
 SUBSTEP    =       1
 TIME/FREQ  =    1.0000    

 INITIAL JOBNAME = file
 CURRENT JOBNAME = file

 RESTART PROCEDURE RE-BUILDS BOUNDARY CONDITIONS
 AND LOADING INFO UPTO THE CURRENT LOADSTEP 

 READ ANSYS LOADS DATA FROM FILE= file.ldhi                                                                                                                                                                                                                                                           

 DELETE SOLID MODEL BOUNDARY CONDITIONS
 
 NUMBER OF NODAL CONSTRAINTS DELETED                       =      1498
 NUMBER OF ELEMENT PRESSURES DELETED                       =       418

 SET PARAMETER DIMENSIONS ON  _WB_PROJECTSCRATCH_DIR_BUCKLING
  TYPE=STRI  DIMENSIONS=      248        1        1

 PARAMETER _WB_PROJECTSCRATCH_DIR_BUCKLING(1) = C:\Users\mende\Documents\repos\team_18\Project 2\ANSYS\Strut\_ProjectScratch\ScrEA5C\

 SET PARAMETER DIMENSIONS ON  _WB_SOLVERFILES_DIR_BUCKLING
  TYPE=STRI  DIMENSIONS=      248        1        1

 PARAMETER _WB_SOLVERFILES_DIR_BUCKLING(1) = C:\Users\mende\Documents\repos\team_18\Project 2\ANSYS\Strut\strut_files\dp0\SYS-1\MECH\

 SET PARAMETER DIMENSIONS ON  _WB_USERFILES_DIR_BUCKLING
  TYPE=STRI  DIMENSIONS=      248        1        1

 PARAMETER _WB_USERFILES_DIR_BUCKLING(1) = C:\Users\mende\Documents\repos\team_18\Project 2\ANSYS\Strut\strut_files\user_files\

 TITLE= 
 strut--Eigenvalue Buckling (B5)                                               


 PERTURB: Enabling perturbation analysis with prestressed linear buckling solution.
 PERTURB: Enabling perturbation contact status remains the same as in restart step.
 PERTURB: Enabling perturbation to keep all boundary conditions.

 *****  ANSYS SOLVE    COMMAND  *****

 *** ANSYS - ENGINEERING ANALYSIS SYSTEM  RELEASE 2020 R1          20.1     ***
 ANSYS Academic Research                           
 00608699  VERSION=WINDOWS x64   20:03:46  OCT 15, 2020 CP=      0.438

 strut--Eigenvalue Buckling (B5)                                               



                       S O L U T I O N   O P T I O N S

   PROBLEM DIMENSIONALITY. . . . . . . . . . . . .3-D                  
   DEGREES OF FREEDOM. . . . . . UX   UY   UZ   ROTX ROTY ROTZ
   ANALYSIS TYPE . . . . . . . . . . . . . . . . .STATIC (STEADY-STATE)
      RESTART. . . . . . . . . . . . . . . . . . .ON
   LINEAR PERTURBATION . . . . . . . . . . . . . .ON
   OFFSET TEMPERATURE FROM ABSOLUTE ZERO . . . . .  273.15    

 *** WARNING ***                         CP =       0.453   TIME= 20:03:46
 Material number 4 (used by element 30848) should normally have at least 
 one MP or one TB type command associated with it.  Output of energy by  
 material may not be available.                                          

 *** NOTE ***                            CP =       0.469   TIME= 20:03:46
 The step data was checked and warning messages were found.              
  Please review output or errors file (                                  
 C:\Users\mende\Documents\repos\team_18\Project                          
 2\ANSYS\Strut\_ProjectScratch\ScrEA5C\file.err ) for these warning      
 messages.                                                               

                      L O A D   S T E P   O P T I O N S

   SOLUTION TO BE PERTURBED CORRESPONDS TO
      TIME . . . . . . . . . . . . . . . . . . . .  1.0000    
      LOAD STEP. . . . . . . . . . . . . . . . . .     1
      SUBSTEP. . . . . . . . . . . . . . . . . . .     1
   STRESS-STIFFENING . . . . . . . . . . . . . . .    ON

 *** NOTE ***                            CP =       0.703   TIME= 20:03:46
 This SOLVE command is only used to generate the matrices needed to      
 perform the linear perturbation analysis.  The linear perturbation      
 analysis corresponds to time = 1 (load step = 1, substep = 1).  No      
 results are being written.                                              


 *** NOTE ***                            CP =       0.703   TIME= 20:03:46
 Multiple constraints have been applied on degree of freedom 2 of        
 contact node 38283.  The program will remove certain internal MPCs.     
 Please check the model carefully.                                       
 *WARNING*: 4 MPC equations were released for the                        
 force-distributed-surface identified by real constant set 2 due to      
 overconstraint detection logic.                                         

 LINEAR PERTURBATION ANALYSIS PROCEDURE KEEPS ALL
 BOUNDARY CONDITIONS IN DATABASE


 USE SYM. BLOCK LANCZOS METHOD TO EXTRACT       2 MODES
  EXTRACT EIGENVALUES CENTERED ABOUT   0.0000    

 ERASE THE CURRENT DATABASE OUTPUT CONTROL TABLE.


 WRITE ALL  ITEMS TO THE DATABASE WITH A FREQUENCY OF NONE
   FOR ALL APPLICABLE ENTITIES

 WRITE NSOL ITEMS TO THE DATABASE WITH A FREQUENCY OF ALL 
   FOR ALL APPLICABLE ENTITIES

 WRITE ETMP ITEMS TO THE DATABASE WITH A FREQUENCY OF ALL 
   FOR ALL APPLICABLE ENTITIES


 EXPAND ALL EXTRACTED MODES
  DO NOT CALCULATE ELEMENT RESULTS

 *GET  ANSINTER_  FROM  ACTI  ITEM=INT        VALUE=  0.00000000    

 *IF  ANSINTER_                         ( =   0.00000     )  NE  
      0                                 ( =   0.00000     )  THEN    

 *ENDIF

 *****  ANSYS SOLVE    COMMAND  *****

 *** WARNING ***                         CP =       2.188   TIME= 20:03:48
 Element shape checking is currently inactive.  Issue SHPP,ON or         
 SHPP,WARN to reactivate, if desired.                                    

 *** NOTE ***                            CP =       2.203   TIME= 20:03:48
 The model data was checked and warning messages were found.             
  Please review output or errors file (                                  
 C:\Users\mende\Documents\repos\team_18\Project                          
 2\ANSYS\Strut\_ProjectScratch\ScrEA5C\file.err ) for these warning      
 messages.                                                               

 *** SELECTION OF ELEMENT TECHNOLOGIES FOR APPLICABLE ELEMENTS ***
      --- GIVE SUGGESTIONS AND RESET THE KEY OPTIONS ---

 ELEMENT TYPE    1 IS SOLID187. IT IS NOT ASSOCIATED WITH FULLY INCOMPRESSIBLE
 HYPERELASTIC MATERIALS. NO SUGGESTION IS AVAILABLE AND NO RESETTING IS NEEDED.



 *** ANSYS - ENGINEERING ANALYSIS SYSTEM  RELEASE 2020 R1          20.1     ***
 ANSYS Academic Research                           
 00608699  VERSION=WINDOWS x64   20:03:48  OCT 15, 2020 CP=      2.219

 strut--Eigenvalue Buckling (B5)                                               



                       S O L U T I O N   O P T I O N S

   PROBLEM DIMENSIONALITY. . . . . . . . . . . . .3-D                  
   DEGREES OF FREEDOM. . . . . . UX   UY   UZ   ROTX ROTY ROTZ
   ANALYSIS TYPE . . . . . . . . . . . . . . . . .BUCKLING             
      EXTRACTION METHOD. . . . . . . . . . . . . .BLOCK LANCZOS
   LINEAR PERTURBATION . . . . . . . . . . . . . .ON
   OFFSET TEMPERATURE FROM ABSOLUTE ZERO . . . . .  273.15    
   PRESTRESS EFFECTS INCLUDED IF AVAILABLE . . . .YES
   GLOBALLY ASSEMBLED MATRIX . . . . . . . . . . .SYMMETRIC  

 *** WARNING ***                         CP =       2.219   TIME= 20:03:48
 Material number 4 (used by element 30848) should normally have at least 
 one MP or one TB type command associated with it.  Output of energy by  
 material may not be available.                                          

 *** NOTE ***                            CP =       2.234   TIME= 20:03:48
 The step data was checked and warning messages were found.              
  Please review output or errors file (                                  
 C:\Users\mende\Documents\repos\team_18\Project                          
 2\ANSYS\Strut\_ProjectScratch\ScrEA5C\file.err ) for these warning      
 messages.                                                               

                      L O A D   S T E P   O P T I O N S

   LOAD STEP NUMBER. . . . . . . . . . . . . . . .     1
   PRINT OUTPUT CONTROLS . . . . . . . . . . . . .NO PRINTOUT
   DATABASE OUTPUT CONTROLS
      ITEM     FREQUENCY   COMPONENT
       ALL       NONE               
      NSOL        ALL               
      ETMP        ALL               


 *** NOTE ***                            CP =       2.250   TIME= 20:03:48
 Force-distributed-surface identified by real constant set 2 and         
 contact element type 2 has been set up.  The pilot node 38283 is used   
 to apply the force.  Internal MPC will be built.                        
 The used degrees of freedom set is  UX   UY   UZ   ROTX ROTY ROTZ
 Please verify constraints (including rotational degrees of freedom)
  on the pilot node by yourself.
 ****************************************
  
  
  


 *** NOTE ***                            CP =       2.266   TIME= 20:03:48
 Multiple constraints have been applied on degree of freedom 2 of        
 contact node 38283.  The program will remove certain internal MPCs.     
 Please check the model carefully.                                       
 *WARNING*: 4 MPC equations were released for the                        
 force-distributed-surface identified by real constant set 2 due to      
 overconstraint detection logic.                                         

 *** WARNING ***                         CP =       5.391   TIME= 20:03:51
 A linear perturbation analysis with contact usually requires turning on 
 large deflection option (NLGEOM,ON) in the base analysis.  Otherwise    
 the down-stream analysis will not use the current deformation           
 configuration which might lead to inaccurate solution or even memory    
 error.                                                                  

  BLOCK LANCZOS CALCULATION OF UP TO     2 EIGENVECTORS.
  NUMBER OF EQUATIONS              =       112788
  MAXIMUM WAVEFRONT                =          546
  MAXIMUM MODES STORED             =            2
  MINIMUM EIGENVALUE               = -0.10000E+31
  MAXIMUM EIGENVALUE               =  0.10000E+31
  CENTER EIGENVALUE                =  0.00000E+00


 *** NOTE ***                            CP =       8.812   TIME= 20:03:54
 The initial memory allocation (-m) has been exceeded.                   
  Supplemental memory allocations are being used.                        
  Memory allocated for solver              =   392.816 MB
  Memory required for in-core solution     =   374.511 MB
  Memory required for out-of-core solution =   103.645 MB

 *** NOTE ***                            CP =       8.812   TIME= 20:03:54
 The Sparse Matrix Solver is currently running in the in-core memory     
 mode.  This memory mode uses the most amount of memory in order to      
 avoid using the hard drive as much as possible, which most often        
 results in the fastest solution time.  This mode is recommended if      
 enough physical memory is present to accommodate all of the solver      
 data.                                                                   

 *** ANSYS - ENGINEERING ANALYSIS SYSTEM  RELEASE 2020 R1          20.1     ***
 ANSYS Academic Research                           
 00608699  VERSION=WINDOWS x64   20:04:01  OCT 15, 2020 CP=     15.797

 strut--Eigenvalue Buckling (B5)                                               



  ***** EIGENVALUES (LOAD MULTIPLIERS FOR BUCKLING) *****
            *** FROM BLOCK LANCZOS ITERATION ***

      SHAPE NUMBER   LOAD MULTIPLIER

            1           0.66919820    
            2            2.6872327    




 *** ANSYS BINARY FILE STATISTICS
  BUFFER SIZE USED= 16384
      316.375 MB WRITTEN ON ELEMENT MATRIX FILE: file.emat
       74.938 MB WRITTEN ON ELEMENT SAVED DATA FILE: file.esav
      105.812 MB WRITTEN ON ASSEMBLED MATRIX FILE: file.full
        7.125 MB WRITTEN ON MODAL MATRIX FILE: file.mode
        8.875 MB WRITTEN ON RESULTS FILE: file.rst
 *************** Write FE CONNECTORS *********

 WRITE OUT CONSTRAINT EQUATIONS TO FILE= file.ce                                                                                                                                                                                                                                                             

 *GET  _NMODALSOLPROC  FROM  ACTI  ITEM=NUMC       VALUE=  1.00000000    

 FINISH SOLUTION PROCESSING


 ***** ROUTINE COMPLETED *****  CP =        16.062



 PRINTOUT RESUMED BY /GOP

 *GET  _WALLASOL  FROM  ACTI  ITEM=TIME WALL  VALUE=  20.0672222    

 *** ANSYS - ENGINEERING ANALYSIS SYSTEM  RELEASE 2020 R1          20.1     ***
 ANSYS Academic Research                           
 00608699  VERSION=WINDOWS x64   20:04:02  OCT 15, 2020 CP=     16.078

 strut--Eigenvalue Buckling (B5)                                               



          ***** ANSYS RESULTS INTERPRETATION (POST1) *****

 *** NOTE ***                            CP =      16.078   TIME= 20:04:02
 Reading results into the database (SET command) will update the current 
 displacement and force boundary conditions in the database with the     
 values from the results file for that load set.  Note that any          
 subsequent solutions will use these values unless action is taken to    
 either SAVE the current values or not overwrite them (/EXIT,NOSAVE).    

 Set Encoding of XML File to:ISO-8859-1

 Set Output of XML File to:
     PARM,     ,     ,     ,     ,     ,     ,     ,     ,     ,     ,     ,
         ,     ,     ,     ,     ,     ,     ,

 DATABASE WRITTEN ON FILE  parm.xml                                                                                                                                                                                                                                                            

 EXIT THE ANSYS POST1 DATABASE PROCESSOR


 ***** ROUTINE COMPLETED *****  CP =        16.078



 PRINTOUT RESUMED BY /GOP

 *GET  _WALLDONE  FROM  ACTI  ITEM=TIME WALL  VALUE=  20.0672222    

 PARAMETER _PREPTIME =     0.000000000    

 PARAMETER _SOLVTIME =     31.00000000    

 PARAMETER _POSTTIME =     0.000000000    

 PARAMETER _TOTALTIM =     31.00000000    

 *GET  _DLBRATIO  FROM  ACTI  ITEM=SOLU DLBR  VALUE=  0.00000000    

 *GET  _COMBTIME  FROM  ACTI  ITEM=SOLU COMB  VALUE=  0.00000000    
 --- Number of total nodes = 38093
 --- Number of total elements = 21527
 --- Element load balance ratio = 0
 --- Time to combine distributed files = 0

 EXIT ANSYS WITHOUT SAVING DATABASE


 NUMBER OF WARNING MESSAGES ENCOUNTERED=          4
 NUMBER OF ERROR   MESSAGES ENCOUNTERED=          0

+--------------------- A N S Y S   S T A T I S T I C S ------------------------+

Release: 2020 R1            Build: 20.1       Update: UP20191203   Platform: WINDOWS x64 
Date Run: 10/15/2020   Time: 20:04     Process ID: 24392
Operating System: Windows 10  (Build: 19042)

Processor Model: Intel(R) Core(TM) i7-1065G7 CPU @ 1.30GHz

Compiler: Intel(R) FORTRAN Compiler Version 19.0.0  (Build: 20190206)
          Intel(R) C/C++ Compiler Version 19.0.0  (Build: 20190206)
          Intel(R) Math Kernel Library Version 2019.0.3 Product Build 20190125

Number of machines requested            :    1
Total number of cores available         :    8
Number of physical cores available      :    4
Number of processes requested           :    1
Number of threads per process requested :    1
Total number of cores requested         :    1 (Shared Memory Parallel)                    

GPU Acceleration: Not Requested

Job Name: file
Input File: dummy.dat
Working Directory: C:\Users\mende\Documents\repos\team_18\Project 2\ANSYS\Strut\_ProjectScratch\ScrEA5C

Total CPU time for main thread                    :       16.2 seconds
Total CPU time summed for all threads             :       16.1 seconds

Elapsed time spent obtaining a license            :        3.2 seconds
Elapsed time spent pre-processing model (/PREP7)  :        0.0 seconds
Elapsed time spent solution - preprocessing       :        0.5 seconds
Elapsed time spent computing solution             :       15.5 seconds
Elapsed time spent solution - postprocessing      :        0.0 seconds
Elapsed time spent post-processing model (/POST1) :        0.0 seconds
 
Eigensolver used                                  :            Block Lanczos
Equation solver computational rate                :       14.6 Gflops
Equation solver effective I/O rate                :        9.7 GB/sec

Maximum total memory used                         :     1055.0 MB
Maximum total memory allocated                    :     2624.0 MB
Total physical memory available                   :         16 GB

Total amount of I/O written to disk               :        0.6 GB
Total amount of I/O read from disk                :        0.9 GB

+------------------ E N D   A N S Y S   S T A T I S T I C S -------------------+


 *---------------------------------------------------------------------------*
 |                                                                           |
 |                            ANSYS RUN COMPLETED                            |
 |                                                                           |
 |---------------------------------------------------------------------------|
 |                                                                           |
 | Ansys 2020 R1               Build 20.1         UP20191203     WINDOWS x64 |
 |                                                                           |
 |---------------------------------------------------------------------------|
 |                                                                           |
 | Database Requested(-db)  1024 MB    Scratch Memory Requested      1024 MB |
 | Maximum Database Used      25 MB    Maximum Scratch Memory Used   1030 MB |
 |                                                                           |
 |---------------------------------------------------------------------------|
 |                                                                           |
 |        CP Time      (sec) =         16.094       Time  =  20:04:03        |
 |        Elapsed Time (sec) =         22.000       Date  =  10/15/2020      |
 |                                                                           |
 *---------------------------------------------------------------------------*
